Running: /nfs/tools/xilinx/ise/14.7/ISE_DS/ISE/bin/lin64/unwrapped/fuse -intstyle ise -incremental -o /nfs/TUEIEDA/LabHDL/2017s/ga87dew/submit/direct/tb_idea_isim_beh.exe -prj /nfs/TUEIEDA/LabHDL/2017s/ga87dew/submit/direct/tb_idea_beh.prj work.tb_idea 
ISim P.20131013 (signature 0xfbc00daa)
Number of CPUs detected in this system: 2
Turning on mult-threading, number of parallel sub-compilation jobs: 4 
Determining compilation order of HDL files
Parsing VHDL file "/nfs/TUEIEDA/LabHDL/2017s/ga87dew/submit/direct/xorop.vhd" into library work
Parsing VHDL file "/nfs/TUEIEDA/LabHDL/2017s/ga87dew/submit/direct/mulop.vhd" into library work
Parsing VHDL file "/nfs/TUEIEDA/LabHDL/2017s/ga87dew/submit/direct/addop.vhd" into library work
Parsing VHDL file "/nfs/TUEIEDA/LabHDL/2017s/ga87dew/submit/direct/trafo.vhd" into library work
Parsing VHDL file "/nfs/TUEIEDA/LabHDL/2017s/ga87dew/submit/direct/round.vhd" into library work
Parsing VHDL file "/nfs/TUEIEDA/LabHDL/2017s/ga87dew/submit/direct/idea.vhd" into library work
Parsing VHDL file "/nfs/TUEIEDA/LabHDL/2017s/ga87dew/submit/direct/tb_idea.vhd" into library work
Starting static elaboration
Completed static elaboration
Fuse Memory Usage: 96856 KB
Fuse CPU Usage: 1060 ms
Compiling package standard
Compiling package std_logic_1164
Compiling package std_logic_arith
Compiling package std_logic_unsigned
Compiling architecture behavioral of entity mulop [mulop_default]
Compiling architecture behavioral of entity addop [addop_default]
Compiling architecture behavioral of entity xorop [xorop_default]
Compiling architecture behavioral of entity round [round_default]
Compiling architecture behavioral of entity trafo [trafo_default]
Compiling architecture structural of entity idea [idea_default]
Compiling architecture behavior of entity tb_idea
Time Resolution for simulation is 1ps.
Waiting for 4 sub-compilation(s) to finish...
Compiled 17 VHDL Units
Built simulation executable /nfs/TUEIEDA/LabHDL/2017s/ga87dew/submit/direct/tb_idea_isim_beh.exe
Fuse Memory Usage: 407024 KB
Fuse CPU Usage: 1170 ms
GCC CPU Usage: 440 ms
