ISim log file
Running: /nfs/TUEIEDA/LabHDL/2017s/ga87dew/submit/rcs1/tb_idea_single_isim_beh.exe -intstyle ise -gui -tclbatch isim.cmd -wdb /nfs/TUEIEDA/LabHDL/2017s/ga87dew/submit/rcs1/tb_idea_single_isim_beh.wdb 
ISim P.20131013 (signature 0xfbc00daa)
----------------------------------------------------------------------
INFO:Security:51 - The XILINXD_LICENSE_FILE environment variable is not set.
INFO:Security:52 - The LM_LICENSE_FILE environment variable is set to ':5280@cadencelic:27020@synopsyslic:2100@xilinxlic:1717@mentorlic:27001@refile:5282@wickedlic:28000@mlm3.rbg.tum.de:1720@license.lrz-muenchen.de'.
WARNING:Security:43 - No license file was found in the standard Xilinx license directory.
WARNING:Security:44 - Since no license file was found,
       please run the Xilinx License Configuration Manager
       (xlcm or "Manage Xilinx Licenses")
       to assist in obtaining a license.
WARNING:Security:42 - Your software subscription period has lapsed. Your current version of Xilinx tools will continue to function, but you no longer qualify for Xilinx software updates or new releases.


----------------------------------------------------------------------
This is a Full version of ISim.
Time resolution is 1 ps
# onerror resume
# wave add /
# run 1000 ns
Simulator is doing circuit initialization process.
at 0 ps, Instance /tb_idea_single/uut/round1/m1/ : Warning: There is an 'U'|'X'|'W'|'Z'|'-' in an arithmetic operand, the result will be 'X'(es).
Finished circuit initialization process.
# exit 0
